  Compiling CUDA source file main.cu...
  
  C:\Users\Studies\Desktop\Lygiagretusis programavimas\Repo\P170B328-Lab2\Lab3\Lab3\Lab3>"C:\Program Files\NVIDIA GPU Computing Toolkit\CUDA\v11.1\bin\nvcc.exe" -gencode=arch=compute_52,code=\"sm_52,compute_52\" --use-local-env -ccbin "C:\Program Files (x86)\Microsoft Visual Studio\2019\Professional\VC\Tools\MSVC\14.28.29333\bin\HostX86\x64" -x cu   -I"C:\Program Files\NVIDIA GPU Computing Toolkit\CUDA\v11.1\include" -I"C:\Program Files\NVIDIA GPU Computing Toolkit\CUDA\v11.1\include"  -G   --keep-dir x64\Debug -maxrregcount=0  --machine 64 --compile -cudart static  -g   -DWIN32 -DWIN64 -D_DEBUG -D_CONSOLE -D_MBCS -Xcompiler "/EHsc /W3 /nologo /Od /Fdx64\Debug\vc142.pdb /FS /Zi /RTC1 /MDd " -o x64\Debug\main.cu.obj "C:\Users\Studies\Desktop\Lygiagretusis programavimas\Repo\P170B328-Lab2\Lab3\Lab3\Lab3\main.cu" 
C:/Users/Studies/Desktop/Lygiagretusis programavimas/Repo/P170B328-Lab2/Lab3/Lab3/Lab3/main.cu(221): error : argument of type "int" is incompatible with parameter of type "int *"
  
  1 error detected in the compilation of "C:/Users/Studies/Desktop/Lygiagretusis programavimas/Repo/P170B328-Lab2/Lab3/Lab3/Lab3/main.cu".
  main.cu
C:\Program Files (x86)\Microsoft Visual Studio\2019\Professional\MSBuild\Microsoft\VC\v160\BuildCustomizations\CUDA 11.1.targets(785,9): error MSB3721: The command ""C:\Program Files\NVIDIA GPU Computing Toolkit\CUDA\v11.1\bin\nvcc.exe" -gencode=arch=compute_52,code=\"sm_52,compute_52\" --use-local-env -ccbin "C:\Program Files (x86)\Microsoft Visual Studio\2019\Professional\VC\Tools\MSVC\14.28.29333\bin\HostX86\x64" -x cu   -I"C:\Program Files\NVIDIA GPU Computing Toolkit\CUDA\v11.1\include" -I"C:\Program Files\NVIDIA GPU Computing Toolkit\CUDA\v11.1\include"  -G   --keep-dir x64\Debug -maxrregcount=0  --machine 64 --compile -cudart static  -g   -DWIN32 -DWIN64 -D_DEBUG -D_CONSOLE -D_MBCS -Xcompiler "/EHsc /W3 /nologo /Od /Fdx64\Debug\vc142.pdb /FS /Zi /RTC1 /MDd " -o x64\Debug\main.cu.obj "C:\Users\Studies\Desktop\Lygiagretusis programavimas\Repo\P170B328-Lab2\Lab3\Lab3\Lab3\main.cu"" exited with code 1.
